1697350255.008404 client started (1388): version 3.2a, socket /tmp/tmux-1000/default, protocol 8
1697350255.008414 on Linux 5.15.90.1-microsoft-standard-WSL2 #1 SMP Fri Jan 27 02:56:13 UTC 2023
1697350255.008416 using libevent 2.1.12-stable (poll); ncurses 6.3
1697350255.008423 flags are 0x18010000
1697350255.008425 socket is /tmp/tmux-1000/default
1697350255.008429 trying connect
1697350255.008435 connect failed: No such file or directory
1697350255.008439 lock file is /tmp/tmux-1000/default.lock
1697350255.008455 flock succeeded
1697350255.008456 got lock (6)
1697350255.008458 trying connect
1697350255.008460 connect failed: No such file or directory
1697350255.008542 add peer 0x556646e7dbd0: 7 ((nil))
1697350255.008720 sending message 100 to peer 0x556646e7dbd0 (4 bytes)
1697350255.008724 sending message 111 to peer 0x556646e7dbd0 (8 bytes)
1697350255.008725 sending message 101 to peer 0x556646e7dbd0 (15 bytes)
1697350255.008727 sending message 109 to peer 0x556646e7dbd0 (4 bytes)
1697350255.008729 sending message 102 to peer 0x556646e7dbd0 (11 bytes)
1697350255.008730 sending message 108 to peer 0x556646e7dbd0 (20 bytes)
1697350255.008732 sending message 112 to peer 0x556646e7dbd0 (58 bytes)
1697350255.008733 sending message 112 to peer 0x556646e7dbd0 (5 bytes)
1697350255.008735 sending message 112 to peer 0x556646e7dbd0 (5 bytes)
1697350255.008737 sending message 112 to peer 0x556646e7dbd0 (6 bytes)
1697350255.008738 sending message 112 to peer 0x556646e7dbd0 (6 bytes)
1697350255.008740 sending message 112 to peer 0x556646e7dbd0 (11 bytes)
1697350255.008741 sending message 112 to peer 0x556646e7dbd0 (10 bytes)
1697350255.008743 sending message 112 to peer 0x556646e7dbd0 (13 bytes)
1697350255.008744 sending message 112 to peer 0x556646e7dbd0 (14 bytes)
1697350255.008745 sending message 112 to peer 0x556646e7dbd0 (19 bytes)
1697350255.008747 sending message 112 to peer 0x556646e7dbd0 (11 bytes)
1697350255.008748 sending message 112 to peer 0x556646e7dbd0 (10 bytes)
1697350255.008749 sending message 112 to peer 0x556646e7dbd0 (15 bytes)
1697350255.008751 sending message 112 to peer 0x556646e7dbd0 (21 bytes)
1697350255.008752 sending message 112 to peer 0x556646e7dbd0 (13 bytes)
1697350255.008754 sending message 112 to peer 0x556646e7dbd0 (7 bytes)
1697350255.008755 sending message 112 to peer 0x556646e7dbd0 (13 bytes)
1697350255.008757 sending message 112 to peer 0x556646e7dbd0 (7 bytes)
1697350255.008758 sending message 112 to peer 0x556646e7dbd0 (13 bytes)
1697350255.008760 sending message 112 to peer 0x556646e7dbd0 (9 bytes)
1697350255.008761 sending message 112 to peer 0x556646e7dbd0 (21 bytes)
1697350255.008763 sending message 112 to peer 0x556646e7dbd0 (13 bytes)
1697350255.008764 sending message 112 to peer 0x556646e7dbd0 (9 bytes)
1697350255.008765 sending message 112 to peer 0x556646e7dbd0 (16 bytes)
1697350255.008767 sending message 112 to peer 0x556646e7dbd0 (13 bytes)
1697350255.008768 sending message 112 to peer 0x556646e7dbd0 (9 bytes)
1697350255.008770 sending message 112 to peer 0x556646e7dbd0 (9 bytes)
1697350255.008771 sending message 112 to peer 0x556646e7dbd0 (12 bytes)
1697350255.008773 sending message 112 to peer 0x556646e7dbd0 (8 bytes)
1697350255.008774 sending message 112 to peer 0x556646e7dbd0 (8 bytes)
1697350255.008775 sending message 112 to peer 0x556646e7dbd0 (13 bytes)
1697350255.008777 sending message 112 to peer 0x556646e7dbd0 (7 bytes)
1697350255.008778 sending message 112 to peer 0x556646e7dbd0 (7 bytes)
1697350255.008780 sending message 112 to peer 0x556646e7dbd0 (9 bytes)
1697350255.008781 sending message 112 to peer 0x556646e7dbd0 (9 bytes)
1697350255.008783 sending message 112 to peer 0x556646e7dbd0 (15 bytes)
1697350255.008784 sending message 112 to peer 0x556646e7dbd0 (13 bytes)
1697350255.008785 sending message 112 to peer 0x556646e7dbd0 (12 bytes)
1697350255.008787 sending message 112 to peer 0x556646e7dbd0 (8 bytes)
1697350255.008789 sending message 112 to peer 0x556646e7dbd0 (14 bytes)
1697350255.008790 sending message 112 to peer 0x556646e7dbd0 (11 bytes)
1697350255.008791 sending message 112 to peer 0x556646e7dbd0 (9 bytes)
1697350255.008796 sending message 112 to peer 0x556646e7dbd0 (10 bytes)
1697350255.008798 sending message 112 to peer 0x556646e7dbd0 (10 bytes)
1697350255.008799 sending message 112 to peer 0x556646e7dbd0 (10 bytes)
1697350255.008811 sending message 112 to peer 0x556646e7dbd0 (10 bytes)
1697350255.008813 sending message 112 to peer 0x556646e7dbd0 (11 bytes)
1697350255.008815 sending message 112 to peer 0x556646e7dbd0 (12 bytes)
1697350255.008816 sending message 112 to peer 0x556646e7dbd0 (12 bytes)
1697350255.008818 sending message 112 to peer 0x556646e7dbd0 (12 bytes)
1697350255.008820 sending message 112 to peer 0x556646e7dbd0 (12 bytes)
1697350255.008821 sending message 112 to peer 0x556646e7dbd0 (12 bytes)
1697350255.008822 sending message 112 to peer 0x556646e7dbd0 (11 bytes)
1697350255.008824 sending message 112 to peer 0x556646e7dbd0 (11 bytes)
1697350255.008825 sending message 112 to peer 0x556646e7dbd0 (12 bytes)
1697350255.008827 sending message 112 to peer 0x556646e7dbd0 (12 bytes)
1697350255.008828 sending message 112 to peer 0x556646e7dbd0 (12 bytes)
1697350255.008829 sending message 112 to peer 0x556646e7dbd0 (12 bytes)
1697350255.008831 sending message 112 to peer 0x556646e7dbd0 (12 bytes)
1697350255.008832 sending message 112 to peer 0x556646e7dbd0 (9 bytes)
1697350255.008834 sending message 112 to peer 0x556646e7dbd0 (12 bytes)
1697350255.008835 sending message 112 to peer 0x556646e7dbd0 (13 bytes)
1697350255.008837 sending message 112 to peer 0x556646e7dbd0 (13 bytes)
1697350255.008838 sending message 112 to peer 0x556646e7dbd0 (13 bytes)
1697350255.008840 sending message 112 to peer 0x556646e7dbd0 (13 bytes)
1697350255.008841 sending message 112 to peer 0x556646e7dbd0 (13 bytes)
1697350255.008842 sending message 112 to peer 0x556646e7dbd0 (8 bytes)
1697350255.008844 sending message 112 to peer 0x556646e7dbd0 (11 bytes)
1697350255.008845 sending message 112 to peer 0x556646e7dbd0 (11 bytes)
1697350255.008847 sending message 112 to peer 0x556646e7dbd0 (11 bytes)
1697350255.008848 sending message 112 to peer 0x556646e7dbd0 (12 bytes)
1697350255.008850 sending message 112 to peer 0x556646e7dbd0 (12 bytes)
1697350255.008851 sending message 112 to peer 0x556646e7dbd0 (12 bytes)
1697350255.008852 sending message 112 to peer 0x556646e7dbd0 (12 bytes)
1697350255.008854 sending message 112 to peer 0x556646e7dbd0 (13 bytes)
1697350255.008855 sending message 112 to peer 0x556646e7dbd0 (13 bytes)
1697350255.008856 sending message 112 to peer 0x556646e7dbd0 (13 bytes)
1697350255.008858 sending message 112 to peer 0x556646e7dbd0 (8 bytes)
1697350255.008859 sending message 112 to peer 0x556646e7dbd0 (13 bytes)
1697350255.008861 sending message 112 to peer 0x556646e7dbd0 (13 bytes)
1697350255.008862 sending message 112 to peer 0x556646e7dbd0 (13 bytes)
1697350255.008863 sending message 112 to peer 0x556646e7dbd0 (13 bytes)
1697350255.008865 sending message 112 to peer 0x556646e7dbd0 (13 bytes)
1697350255.008866 sending message 112 to peer 0x556646e7dbd0 (12 bytes)
1697350255.008867 sending message 112 to peer 0x556646e7dbd0 (12 bytes)
1697350255.008869 sending message 112 to peer 0x556646e7dbd0 (12 bytes)
1697350255.008870 sending message 112 to peer 0x556646e7dbd0 (12 bytes)
1697350255.008871 sending message 112 to peer 0x556646e7dbd0 (13 bytes)
1697350255.008873 sending message 112 to peer 0x556646e7dbd0 (8 bytes)
1697350255.008874 sending message 112 to peer 0x556646e7dbd0 (13 bytes)
1697350255.008876 sending message 112 to peer 0x556646e7dbd0 (13 bytes)
1697350255.008877 sending message 112 to peer 0x556646e7dbd0 (13 bytes)
1697350255.008878 sending message 112 to peer 0x556646e7dbd0 (13 bytes)
1697350255.008880 sending message 112 to peer 0x556646e7dbd0 (13 bytes)
1697350255.008881 sending message 112 to peer 0x556646e7dbd0 (13 bytes)
1697350255.008883 sending message 112 to peer 0x556646e7dbd0 (13 bytes)
1697350255.008884 sending message 112 to peer 0x556646e7dbd0 (12 bytes)
1697350255.008885 sending message 112 to peer 0x556646e7dbd0 (12 bytes)
1697350255.008887 sending message 112 to peer 0x556646e7dbd0 (12 bytes)
1697350255.008890 sending message 112 to peer 0x556646e7dbd0 (8 bytes)
1697350255.008892 sending message 112 to peer 0x556646e7dbd0 (12 bytes)
1697350255.008893 sending message 112 to peer 0x556646e7dbd0 (13 bytes)
1697350255.008895 sending message 112 to peer 0x556646e7dbd0 (13 bytes)
1697350255.008896 sending message 112 to peer 0x556646e7dbd0 (13 bytes)
1697350255.008897 sending message 112 to peer 0x556646e7dbd0 (13 bytes)
1697350255.008899 sending message 112 to peer 0x556646e7dbd0 (13 bytes)
1697350255.008900 sending message 112 to peer 0x556646e7dbd0 (13 bytes)
1697350255.008902 sending message 112 to peer 0x556646e7dbd0 (13 bytes)
1697350255.008903 sending message 112 to peer 0x556646e7dbd0 (13 bytes)
1697350255.008904 sending message 112 to peer 0x556646e7dbd0 (12 bytes)
1697350255.008906 sending message 112 to peer 0x556646e7dbd0 (10 bytes)
1697350255.008907 sending message 112 to peer 0x556646e7dbd0 (12 bytes)
1697350255.008908 sending message 112 to peer 0x556646e7dbd0 (12 bytes)
1697350255.008910 sending message 112 to peer 0x556646e7dbd0 (12 bytes)
1697350255.008911 sending message 112 to peer 0x556646e7dbd0 (13 bytes)
1697350255.008913 sending message 112 to peer 0x556646e7dbd0 (13 bytes)
1697350255.008914 sending message 112 to peer 0x556646e7dbd0 (13 bytes)
1697350255.008915 sending message 112 to peer 0x556646e7dbd0 (13 bytes)
1697350255.008917 sending message 112 to peer 0x556646e7dbd0 (13 bytes)
1697350255.008918 sending message 112 to peer 0x556646e7dbd0 (13 bytes)
1697350255.008920 sending message 112 to peer 0x556646e7dbd0 (13 bytes)
1697350255.008921 sending message 112 to peer 0x556646e7dbd0 (10 bytes)
1697350255.008922 sending message 112 to peer 0x556646e7dbd0 (13 bytes)
1697350255.008924 sending message 112 to peer 0x556646e7dbd0 (12 bytes)
1697350255.008925 sending message 112 to peer 0x556646e7dbd0 (12 bytes)
1697350255.008927 sending message 112 to peer 0x556646e7dbd0 (12 bytes)
1697350255.008928 sending message 112 to peer 0x556646e7dbd0 (10 bytes)
1697350255.008929 sending message 112 to peer 0x556646e7dbd0 (10 bytes)
1697350255.008931 sending message 112 to peer 0x556646e7dbd0 (10 bytes)
1697350255.008932 sending message 112 to peer 0x556646e7dbd0 (12 bytes)
1697350255.008933 sending message 112 to peer 0x556646e7dbd0 (13 bytes)
1697350255.008935 sending message 112 to peer 0x556646e7dbd0 (13 bytes)
1697350255.008936 sending message 112 to peer 0x556646e7dbd0 (13 bytes)
1697350255.008937 sending message 112 to peer 0x556646e7dbd0 (13 bytes)
1697350255.008939 sending message 112 to peer 0x556646e7dbd0 (13 bytes)
1697350255.008940 sending message 112 to peer 0x556646e7dbd0 (10 bytes)
1697350255.008941 sending message 112 to peer 0x556646e7dbd0 (11 bytes)
1697350255.008943 sending message 112 to peer 0x556646e7dbd0 (12 bytes)
1697350255.008944 sending message 112 to peer 0x556646e7dbd0 (12 bytes)
1697350255.008946 sending message 112 to peer 0x556646e7dbd0 (12 bytes)
1697350255.008947 sending message 112 to peer 0x556646e7dbd0 (12 bytes)
1697350255.008948 sending message 112 to peer 0x556646e7dbd0 (12 bytes)
1697350255.008950 sending message 112 to peer 0x556646e7dbd0 (11 bytes)
1697350255.008951 sending message 112 to peer 0x556646e7dbd0 (12 bytes)
1697350255.008952 sending message 112 to peer 0x556646e7dbd0 (12 bytes)
1697350255.008954 sending message 112 to peer 0x556646e7dbd0 (13 bytes)
1697350255.008955 sending message 112 to peer 0x556646e7dbd0 (13 bytes)
1697350255.008956 sending message 112 to peer 0x556646e7dbd0 (13 bytes)
1697350255.008958 sending message 112 to peer 0x556646e7dbd0 (13 bytes)
1697350255.008959 sending message 112 to peer 0x556646e7dbd0 (13 bytes)
1697350255.008960 sending message 112 to peer 0x556646e7dbd0 (10 bytes)
1697350255.008962 sending message 112 to peer 0x556646e7dbd0 (9 bytes)
1697350255.008963 sending message 112 to peer 0x556646e7dbd0 (12 bytes)
1697350255.008964 sending message 112 to peer 0x556646e7dbd0 (13 bytes)
1697350255.008966 sending message 112 to peer 0x556646e7dbd0 (13 bytes)
1697350255.008967 sending message 112 to peer 0x556646e7dbd0 (13 bytes)
1697350255.008970 sending message 112 to peer 0x556646e7dbd0 (13 bytes)
1697350255.008971 sending message 112 to peer 0x556646e7dbd0 (13 bytes)
1697350255.008972 sending message 112 to peer 0x556646e7dbd0 (9 bytes)
1697350255.008974 sending message 112 to peer 0x556646e7dbd0 (12 bytes)
1697350255.008975 sending message 112 to peer 0x556646e7dbd0 (13 bytes)
1697350255.008977 sending message 112 to peer 0x556646e7dbd0 (13 bytes)
1697350255.008978 sending message 112 to peer 0x556646e7dbd0 (13 bytes)
1697350255.008980 sending message 112 to peer 0x556646e7dbd0 (13 bytes)
1697350255.008981 sending message 112 to peer 0x556646e7dbd0 (13 bytes)
1697350255.008983 sending message 112 to peer 0x556646e7dbd0 (11 bytes)
1697350255.008984 sending message 112 to peer 0x556646e7dbd0 (12 bytes)
1697350255.008986 sending message 112 to peer 0x556646e7dbd0 (13 bytes)
1697350255.008987 sending message 112 to peer 0x556646e7dbd0 (13 bytes)
1697350255.008989 sending message 112 to peer 0x556646e7dbd0 (13 bytes)
1697350255.008990 sending message 112 to peer 0x556646e7dbd0 (13 bytes)
1697350255.008991 sending message 112 to peer 0x556646e7dbd0 (13 bytes)
1697350255.008993 sending message 112 to peer 0x556646e7dbd0 (11 bytes)
1697350255.008995 sending message 112 to peer 0x556646e7dbd0 (12 bytes)
1697350255.008996 sending message 112 to peer 0x556646e7dbd0 (12 bytes)
1697350255.008997 sending message 112 to peer 0x556646e7dbd0 (12 bytes)
1697350255.008999 sending message 112 to peer 0x556646e7dbd0 (12 bytes)
1697350255.009000 sending message 112 to peer 0x556646e7dbd0 (12 bytes)
1697350255.009001 sending message 112 to peer 0x556646e7dbd0 (21 bytes)
1697350255.009003 sending message 112 to peer 0x556646e7dbd0 (12 bytes)
1697350255.009004 sending message 112 to peer 0x556646e7dbd0 (9 bytes)
1697350255.009006 sending message 112 to peer 0x556646e7dbd0 (6 bytes)
1697350255.009007 sending message 112 to peer 0x556646e7dbd0 (13 bytes)
1697350255.009008 sending message 112 to peer 0x556646e7dbd0 (10 bytes)
1697350255.009010 sending message 112 to peer 0x556646e7dbd0 (24 bytes)
1697350255.009011 sending message 112 to peer 0x556646e7dbd0 (13 bytes)
1697350255.009012 sending message 112 to peer 0x556646e7dbd0 (9 bytes)
1697350255.009013 sending message 112 to peer 0x556646e7dbd0 (70 bytes)
1697350255.009016 sending message 112 to peer 0x556646e7dbd0 (69 bytes)
1697350255.009017 sending message 112 to peer 0x556646e7dbd0 (12 bytes)
1697350255.009018 sending message 112 to peer 0x556646e7dbd0 (10 bytes)
1697350255.009020 sending message 112 to peer 0x556646e7dbd0 (10 bytes)
1697350255.009021 sending message 112 to peer 0x556646e7dbd0 (24 bytes)
1697350255.009022 sending message 112 to peer 0x556646e7dbd0 (13 bytes)
1697350255.009023 sending message 112 to peer 0x556646e7dbd0 (10 bytes)
1697350255.009025 sending message 112 to peer 0x556646e7dbd0 (10 bytes)
1697350255.009026 sending message 112 to peer 0x556646e7dbd0 (10 bytes)
1697350255.009027 sending message 112 to peer 0x556646e7dbd0 (13 bytes)
1697350255.009028 sending message 112 to peer 0x556646e7dbd0 (15 bytes)
1697350255.009029 sending message 112 to peer 0x556646e7dbd0 (5 bytes)
1697350255.009031 sending message 104 to peer 0x556646e7dbd0 (0 bytes)
1697350255.009032 sending message 110 to peer 0x556646e7dbd0 (0 bytes)
1697350255.009034 sending message 107 to peer 0x556646e7dbd0 (4 bytes)
1697350255.009035 sending message 105 to peer 0x556646e7dbd0 (16 bytes)
1697350255.009037 sending message 105 to peer 0x556646e7dbd0 (13 bytes)
1697350255.009039 sending message 105 to peer 0x556646e7dbd0 (1568 bytes)
1697350255.009047 sending message 105 to peer 0x556646e7dbd0 (20 bytes)
1697350255.009049 sending message 105 to peer 0x556646e7dbd0 (32 bytes)
1697350255.009051 sending message 105 to peer 0x556646e7dbd0 (11 bytes)
1697350255.009052 sending message 105 to peer 0x556646e7dbd0 (26 bytes)
1697350255.009054 sending message 105 to peer 0x556646e7dbd0 (40 bytes)
1697350255.009055 sending message 105 to peer 0x556646e7dbd0 (24 bytes)
1697350255.009056 sending message 105 to peer 0x556646e7dbd0 (8 bytes)
1697350255.009059 sending message 105 to peer 0x556646e7dbd0 (33 bytes)
1697350255.009060 sending message 105 to peer 0x556646e7dbd0 (21 bytes)
1697350255.009062 sending message 105 to peer 0x556646e7dbd0 (16 bytes)
1697350255.009063 sending message 105 to peer 0x556646e7dbd0 (10 bytes)
1697350255.009064 sending message 105 to peer 0x556646e7dbd0 (13 bytes)
1697350255.009066 sending message 105 to peer 0x556646e7dbd0 (19 bytes)
1697350255.009067 sending message 105 to peer 0x556646e7dbd0 (29 bytes)
1697350255.009068 sending message 105 to peer 0x556646e7dbd0 (54 bytes)
1697350255.009070 sending message 105 to peer 0x556646e7dbd0 (8 bytes)
1697350255.009072 sending message 105 to peer 0x556646e7dbd0 (24 bytes)
1697350255.009073 sending message 105 to peer 0x556646e7dbd0 (18 bytes)
1697350255.009074 sending message 105 to peer 0x556646e7dbd0 (12 bytes)
1697350255.009076 sending message 105 to peer 0x556646e7dbd0 (20 bytes)
1697350255.009077 sending message 105 to peer 0x556646e7dbd0 (26 bytes)
1697350255.009078 sending message 105 to peer 0x556646e7dbd0 (11 bytes)
1697350255.009080 sending message 105 to peer 0x556646e7dbd0 (8 bytes)
1697350255.009081 sending message 105 to peer 0x556646e7dbd0 (32 bytes)
1697350255.009082 sending message 105 to peer 0x556646e7dbd0 (1519 bytes)
1697350255.009084 sending message 105 to peer 0x556646e7dbd0 (10 bytes)
1697350255.009086 sending message 105 to peer 0x556646e7dbd0 (24 bytes)
1697350255.009087 sending message 105 to peer 0x556646e7dbd0 (42 bytes)
1697350255.009088 sending message 105 to peer 0x556646e7dbd0 (7 bytes)
1697350255.009090 sending message 105 to peer 0x556646e7dbd0 (11 bytes)
1697350255.009091 sending message 105 to peer 0x556646e7dbd0 (50 bytes)
1697350255.009092 sending message 105 to peer 0x556646e7dbd0 (14 bytes)
1697350255.009093 sending message 105 to peer 0x556646e7dbd0 (24 bytes)
1697350255.009095 sending message 105 to peer 0x556646e7dbd0 (16 bytes)
1697350255.009096 sending message 105 to peer 0x556646e7dbd0 (51 bytes)
1697350255.009097 sending message 105 to peer 0x556646e7dbd0 (60 bytes)
1697350255.009098 sending message 105 to peer 0x556646e7dbd0 (16 bytes)
1697350255.009100 sending message 106 to peer 0x556646e7dbd0 (0 bytes)
1697350255.009102 sending message 200 to peer 0x556646e7dbd0 (4 bytes)
1697350255.009104 client loop enter
1697350255.009122 client_signal: Child exited
1697350255.084641 peer 0x556646e7dbd0 message 207
1697350255.084648 sending message 208 to peer 0x556646e7dbd0 (0 bytes)
1697350259.655518 peer 0x556646e7dbd0 message 203
1697350259.655525 sending message 205 to peer 0x556646e7dbd0 (0 bytes)
1697350259.655671 peer 0x556646e7dbd0 message 204
1697350259.655674 client loop exit
